{"/Users/wangsuyan/Desktop/easytask/src/pipeline.ts": {"path":"/Users/wangsuyan/Desktop/easytask/src/pipeline.ts","statementMap":{"0":{"start":{"line":13,"column":14},"end":{"line":13,"column":19}},"1":{"start":{"line":14,"column":14},"end":{"line":19,"column":1}},"2":{"start":{"line":15,"column":4},"end":{"line":18,"column":null}},"3":{"start":{"line":17,"column":8},"end":{"line":17,"column":25}},"4":{"start":{"line":21,"column":0},"end":{"line":21,"column":null}},"5":{"start":{"line":26,"column":8},"end":{"line":26,"column":29}},"6":{"start":{"line":27,"column":8},"end":{"line":27,"column":29}},"7":{"start":{"line":30,"column":4},"end":{"line":38,"column":null}},"8":{"start":{"line":31,"column":17},"end":{"line":31,"column":28}},"9":{"start":{"line":32,"column":8},"end":{"line":37,"column":null}},"10":{"start":{"line":33,"column":12},"end":{"line":33,"column":27}},"11":{"start":{"line":36,"column":12},"end":{"line":36,"column":24}},"12":{"start":{"line":39,"column":0},"end":{"line":39,"column":null}},"13":{"start":{"line":41,"column":0},"end":{"line":41,"column":null}},"14":{"start":{"line":43,"column":21},"end":{"line":43,"column":43}},"15":{"start":{"line":44,"column":12},"end":{"line":44,"column":34}},"16":{"start":{"line":47,"column":8},"end":{"line":47,"column":31}},"17":{"start":{"line":50,"column":4},"end":{"line":56,"column":null}},"18":{"start":{"line":51,"column":8},"end":{"line":53,"column":null}},"19":{"start":{"line":52,"column":12},"end":{"line":52,"column":81}},"20":{"start":{"line":54,"column":22},"end":{"line":54,"column":40}},"21":{"start":{"line":55,"column":8},"end":{"line":55,"column":33}},"22":{"start":{"line":58,"column":4},"end":{"line":72,"column":null}},"23":{"start":{"line":59,"column":8},"end":{"line":62,"column":null}},"24":{"start":{"line":60,"column":12},"end":{"line":60,"column":25}},"25":{"start":{"line":61,"column":12},"end":{"line":61,"column":19}},"26":{"start":{"line":63,"column":8},"end":{"line":66,"column":null}},"27":{"start":{"line":64,"column":12},"end":{"line":64,"column":53}},"28":{"start":{"line":65,"column":12},"end":{"line":65,"column":19}},"29":{"start":{"line":68,"column":8},"end":{"line":68,"column":28}},"30":{"start":{"line":69,"column":8},"end":{"line":69,"column":45}},"31":{"start":{"line":71,"column":8},"end":{"line":71,"column":27}},"32":{"start":{"line":74,"column":4},"end":{"line":78,"column":null}},"33":{"start":{"line":75,"column":8},"end":{"line":75,"column":27}},"34":{"start":{"line":76,"column":8},"end":{"line":76,"column":27}},"35":{"start":{"line":77,"column":8},"end":{"line":77,"column":45}},"36":{"start":{"line":80,"column":12},"end":{"line":84,"column":null}},"37":{"start":{"line":81,"column":8},"end":{"line":81,"column":40}},"38":{"start":{"line":82,"column":20},"end":{"line":82,"column":39}},"39":{"start":{"line":83,"column":8},"end":{"line":83,"column":54}},"40":{"start":{"line":85,"column":0},"end":{"line":85,"column":null}}},"fnMap":{"0":{"name":"(anonymous_0)","decl":{"start":{"line":14,"column":14},"end":{"line":14,"column":15}},"loc":{"start":{"line":14,"column":23},"end":{"line":19,"column":1}}},"1":{"name":"(anonymous_1)","decl":{"start":{"line":21,"column":0},"end":{"line":21,"column":null}},"loc":{"start":{"line":21,"column":0},"end":{"line":39,"column":null}}},"2":{"name":"Layer","decl":{"start":{"line":25,"column":4},"end":{"line":25,"column":16}},"loc":{"start":{"line":25,"column":50},"end":{"line":28,"column":5}}},"3":{"name":"(anonymous_3)","decl":{"start":{"line":30,"column":4},"end":{"line":30,"column":10}},"loc":{"start":{"line":30,"column":43},"end":{"line":38,"column":5}}},"4":{"name":"(anonymous_4)","decl":{"start":{"line":41,"column":0},"end":{"line":41,"column":null}},"loc":{"start":{"line":41,"column":0},"end":{"line":85,"column":null}}},"5":{"name":"SYPipeline","decl":{"start":{"line":46,"column":4},"end":{"line":46,"column":16}},"loc":{"start":{"line":46,"column":34},"end":{"line":48,"column":5}}},"6":{"name":"(anonymous_6)","decl":{"start":{"line":50,"column":4},"end":{"line":50,"column":7}},"loc":{"start":{"line":50,"column":29},"end":{"line":56,"column":5}}},"7":{"name":"(anonymous_7)","decl":{"start":{"line":58,"column":4},"end":{"line":58,"column":8}},"loc":{"start":{"line":58,"column":21},"end":{"line":72,"column":5}}},"8":{"name":"(anonymous_8)","decl":{"start":{"line":74,"column":4},"end":{"line":74,"column":7}},"loc":{"start":{"line":74,"column":4},"end":{"line":78,"column":5}}},"9":{"name":"(anonymous_9)","decl":{"start":{"line":80,"column":4},"end":{"line":80,"column":12}},"loc":{"start":{"line":80,"column":41},"end":{"line":84,"column":5}}}},"branchMap":{"0":{"loc":{"start":{"line":15,"column":4},"end":{"line":18,"column":null}},"type":"if","locations":[{"start":{"line":15,"column":4},"end":{"line":18,"column":null}},{"start":{"line":15,"column":4},"end":{"line":18,"column":null}}]},"1":{"loc":{"start":{"line":47,"column":20},"end":{"line":47,"column":24}},"type":"binary-expr","locations":[{"start":{"line":47,"column":20},"end":{"line":47,"column":24}},{"start":{"line":47,"column":28},"end":{"line":47,"column":30}}]},"2":{"loc":{"start":{"line":51,"column":8},"end":{"line":53,"column":null}},"type":"if","locations":[{"start":{"line":51,"column":8},"end":{"line":53,"column":null}},{"start":{"line":51,"column":8},"end":{"line":53,"column":null}}]},"3":{"loc":{"start":{"line":59,"column":8},"end":{"line":62,"column":null}},"type":"if","locations":[{"start":{"line":59,"column":8},"end":{"line":62,"column":null}},{"start":{"line":59,"column":8},"end":{"line":62,"column":null}}]},"4":{"loc":{"start":{"line":63,"column":8},"end":{"line":66,"column":null}},"type":"if","locations":[{"start":{"line":63,"column":8},"end":{"line":66,"column":null}},{"start":{"line":63,"column":8},"end":{"line":66,"column":null}}]}},"s":{"0":1,"1":1,"2":22,"3":0,"4":1,"5":11,"6":11,"7":1,"8":11,"9":11,"10":11,"11":0,"12":1,"13":1,"14":6,"15":6,"16":6,"17":1,"18":11,"19":0,"20":11,"21":11,"22":1,"23":6,"24":0,"25":0,"26":6,"27":0,"28":0,"29":6,"30":6,"31":6,"32":1,"33":5,"34":5,"35":5,"36":1,"37":11,"38":11,"39":11,"40":1},"f":{"0":22,"1":1,"2":11,"3":11,"4":1,"5":6,"6":11,"7":6,"8":5,"9":11},"b":{"0":[0,22],"1":[6,0],"2":[0,11],"3":[0,6],"4":[0,6]}}
,"/Users/wangsuyan/Desktop/easytask/src/queue.ts": {"path":"/Users/wangsuyan/Desktop/easytask/src/queue.ts","statementMap":{"0":{"start":{"line":12,"column":0},"end":{"line":12,"column":null}},"1":{"start":{"line":13,"column":4},"end":{"line":13,"column":23}},"2":{"start":{"line":18,"column":8},"end":{"line":18,"column":37}},"3":{"start":{"line":21,"column":4},"end":{"line":23,"column":null}},"4":{"start":{"line":22,"column":8},"end":{"line":22,"column":65}},"5":{"start":{"line":25,"column":4},"end":{"line":35,"column":null}},"6":{"start":{"line":26,"column":21},"end":{"line":26,"column":38}},"7":{"start":{"line":27,"column":8},"end":{"line":33,"column":null}},"8":{"start":{"line":28,"column":26},"end":{"line":28,"column":77}},"9":{"start":{"line":29,"column":12},"end":{"line":31,"column":null}},"10":{"start":{"line":30,"column":16},"end":{"line":30,"column":51}},"11":{"start":{"line":32,"column":12},"end":{"line":32,"column":27}},"12":{"start":{"line":34,"column":8},"end":{"line":34,"column":20}},"13":{"start":{"line":37,"column":4},"end":{"line":78,"column":null}},"14":{"start":{"line":37,"column":4},"end":{"line":37,"column":8}},"15":{"start":{"line":38,"column":8},"end":{"line":38,"column":27}},"16":{"start":{"line":39,"column":8},"end":{"line":41,"column":null}},"17":{"start":{"line":40,"column":12},"end":{"line":40,"column":51}},"18":{"start":{"line":42,"column":8},"end":{"line":77,"column":11}},"19":{"start":{"line":44,"column":32},"end":{"line":44,"column":33}},"20":{"start":{"line":45,"column":25},"end":{"line":74,"column":13}},"21":{"start":{"line":46,"column":16},"end":{"line":49,"column":null}},"22":{"start":{"line":47,"column":20},"end":{"line":47,"column":46}},"23":{"start":{"line":48,"column":20},"end":{"line":48,"column":27}},"24":{"start":{"line":51,"column":33},"end":{"line":55,"column":17}},"25":{"start":{"line":52,"column":20},"end":{"line":52,"column":31}},"26":{"start":{"line":53,"column":20},"end":{"line":53,"column":60}},"27":{"start":{"line":54,"column":20},"end":{"line":54,"column":37}},"28":{"start":{"line":58,"column":16},"end":{"line":60,"column":null}},"29":{"start":{"line":59,"column":20},"end":{"line":59,"column":38}},"30":{"start":{"line":62,"column":16},"end":{"line":73,"column":19}},"31":{"start":{"line":63,"column":20},"end":{"line":69,"column":null}},"32":{"start":{"line":64,"column":24},"end":{"line":64,"column":49}},"33":{"start":{"line":65,"column":24},"end":{"line":65,"column":37}},"34":{"start":{"line":68,"column":24},"end":{"line":68,"column":35}},"35":{"start":{"line":72,"column":20},"end":{"line":72,"column":31}},"36":{"start":{"line":76,"column":12},"end":{"line":76,"column":45}},"37":{"start":{"line":80,"column":4},"end":{"line":115,"column":null}},"38":{"start":{"line":80,"column":4},"end":{"line":80,"column":10}},"39":{"start":{"line":81,"column":8},"end":{"line":81,"column":27}},"40":{"start":{"line":82,"column":8},"end":{"line":84,"column":null}},"41":{"start":{"line":83,"column":12},"end":{"line":83,"column":51}},"42":{"start":{"line":85,"column":8},"end":{"line":114,"column":11}},"43":{"start":{"line":87,"column":32},"end":{"line":87,"column":33}},"44":{"start":{"line":88,"column":25},"end":{"line":111,"column":13}},"45":{"start":{"line":89,"column":16},"end":{"line":92,"column":null}},"46":{"start":{"line":90,"column":20},"end":{"line":90,"column":39}},"47":{"start":{"line":91,"column":20},"end":{"line":91,"column":27}},"48":{"start":{"line":94,"column":33},"end":{"line":98,"column":17}},"49":{"start":{"line":95,"column":20},"end":{"line":95,"column":31}},"50":{"start":{"line":96,"column":20},"end":{"line":96,"column":60}},"51":{"start":{"line":97,"column":20},"end":{"line":97,"column":37}},"52":{"start":{"line":101,"column":16},"end":{"line":103,"column":null}},"53":{"start":{"line":102,"column":20},"end":{"line":102,"column":38}},"54":{"start":{"line":105,"column":16},"end":{"line":110,"column":19}},"55":{"start":{"line":106,"column":20},"end":{"line":106,"column":43}},"56":{"start":{"line":107,"column":20},"end":{"line":107,"column":31}},"57":{"start":{"line":109,"column":20},"end":{"line":109,"column":34}},"58":{"start":{"line":113,"column":12},"end":{"line":113,"column":45}},"59":{"start":{"line":117,"column":4},"end":{"line":165,"column":null}},"60":{"start":{"line":117,"column":4},"end":{"line":117,"column":12}},"61":{"start":{"line":118,"column":8},"end":{"line":118,"column":27}},"62":{"start":{"line":119,"column":8},"end":{"line":121,"column":null}},"63":{"start":{"line":120,"column":12},"end":{"line":120,"column":51}},"64":{"start":{"line":123,"column":8},"end":{"line":125,"column":null}},"65":{"start":{"line":124,"column":12},"end":{"line":124,"column":45}},"66":{"start":{"line":127,"column":8},"end":{"line":129,"column":null}},"67":{"start":{"line":128,"column":12},"end":{"line":128,"column":37}},"68":{"start":{"line":132,"column":8},"end":{"line":134,"column":null}},"69":{"start":{"line":133,"column":12},"end":{"line":133,"column":33}},"70":{"start":{"line":136,"column":8},"end":{"line":164,"column":11}},"71":{"start":{"line":137,"column":35},"end":{"line":137,"column":36}},"72":{"start":{"line":138,"column":36},"end":{"line":138,"column":37}},"73":{"start":{"line":139,"column":30},"end":{"line":156,"column":13}},"74":{"start":{"line":140,"column":16},"end":{"line":155,"column":19}},"75":{"start":{"line":141,"column":20},"end":{"line":141,"column":43}},"76":{"start":{"line":142,"column":20},"end":{"line":142,"column":32}},"77":{"start":{"line":143,"column":20},"end":{"line":152,"column":null}},"78":{"start":{"line":144,"column":24},"end":{"line":144,"column":43}},"79":{"start":{"line":147,"column":24},"end":{"line":147,"column":35}},"80":{"start":{"line":148,"column":24},"end":{"line":151,"column":null}},"81":{"start":{"line":149,"column":42},"end":{"line":149,"column":71}},"82":{"start":{"line":150,"column":28},"end":{"line":150,"column":57}},"83":{"start":{"line":154,"column":20},"end":{"line":154,"column":34}},"84":{"start":{"line":158,"column":12},"end":{"line":158,"column":33}},"85":{"start":{"line":159,"column":12},"end":{"line":159,"column":37}},"86":{"start":{"line":160,"column":12},"end":{"line":163,"column":null}},"87":{"start":{"line":160,"column":25},"end":{"line":160,"column":26}},"88":{"start":{"line":161,"column":30},"end":{"line":161,"column":52}},"89":{"start":{"line":162,"column":16},"end":{"line":162,"column":38}},"90":{"start":{"line":166,"column":0},"end":{"line":166,"column":null}}},"fnMap":{"0":{"name":"(anonymous_0)","decl":{"start":{"line":12,"column":0},"end":{"line":12,"column":null}},"loc":{"start":{"line":12,"column":0},"end":{"line":166,"column":null}}},"1":{"name":"SYQueue","decl":{"start":{"line":16,"column":4},"end":{"line":16,"column":16}},"loc":{"start":{"line":16,"column":30},"end":{"line":19,"column":5}}},"2":{"name":"(anonymous_2)","decl":{"start":{"line":21,"column":4},"end":{"line":21,"column":13}},"loc":{"start":{"line":21,"column":24},"end":{"line":23,"column":5}}},"3":{"name":"(anonymous_3)","decl":{"start":{"line":25,"column":4},"end":{"line":25,"column":18}},"loc":{"start":{"line":25,"column":32},"end":{"line":35,"column":5}}},"4":{"name":"(anonymous_4)","decl":{"start":{"line":37,"column":4},"end":{"line":37,"column":8}},"loc":{"start":{"line":37,"column":33},"end":{"line":78,"column":5}}},"5":{"name":"(anonymous_5)","decl":{"start":{"line":42,"column":27},"end":{"line":42,"column":28}},"loc":{"start":{"line":42,"column":43},"end":{"line":77,"column":9}}},"6":{"name":"(anonymous_6)","decl":{"start":{"line":45,"column":25},"end":{"line":45,"column":26}},"loc":{"start":{"line":45,"column":45},"end":{"line":74,"column":13}}},"7":{"name":"(anonymous_7)","decl":{"start":{"line":51,"column":33},"end":{"line":51,"column":null}},"loc":{"start":{"line":51,"column":33},"end":{"line":55,"column":17}}},"8":{"name":"(anonymous_8)","decl":{"start":{"line":62,"column":32},"end":{"line":62,"column":35}},"loc":{"start":{"line":62,"column":35},"end":{"line":70,"column":17}}},"9":{"name":"(anonymous_9)","decl":{"start":{"line":70,"column":25},"end":{"line":70,"column":null}},"loc":{"start":{"line":70,"column":25},"end":{"line":73,"column":17}}},"10":{"name":"(anonymous_10)","decl":{"start":{"line":80,"column":4},"end":{"line":80,"column":10}},"loc":{"start":{"line":80,"column":35},"end":{"line":115,"column":5}}},"11":{"name":"(anonymous_11)","decl":{"start":{"line":85,"column":27},"end":{"line":85,"column":28}},"loc":{"start":{"line":85,"column":43},"end":{"line":114,"column":9}}},"12":{"name":"(anonymous_12)","decl":{"start":{"line":88,"column":25},"end":{"line":88,"column":26}},"loc":{"start":{"line":88,"column":45},"end":{"line":111,"column":13}}},"13":{"name":"(anonymous_13)","decl":{"start":{"line":94,"column":33},"end":{"line":94,"column":null}},"loc":{"start":{"line":94,"column":33},"end":{"line":98,"column":17}}},"14":{"name":"(anonymous_14)","decl":{"start":{"line":105,"column":32},"end":{"line":105,"column":35}},"loc":{"start":{"line":105,"column":35},"end":{"line":108,"column":17}}},"15":{"name":"(anonymous_15)","decl":{"start":{"line":108,"column":25},"end":{"line":108,"column":30}},"loc":{"start":{"line":108,"column":30},"end":{"line":110,"column":17}}},"16":{"name":"(anonymous_16)","decl":{"start":{"line":117,"column":4},"end":{"line":117,"column":12}},"loc":{"start":{"line":117,"column":52},"end":{"line":165,"column":5}}},"17":{"name":"(anonymous_17)","decl":{"start":{"line":136,"column":27},"end":{"line":136,"column":28}},"loc":{"start":{"line":136,"column":43},"end":{"line":164,"column":9}}},"18":{"name":"(anonymous_18)","decl":{"start":{"line":139,"column":30},"end":{"line":139,"column":31}},"loc":{"start":{"line":139,"column":67},"end":{"line":156,"column":13}}},"19":{"name":"(anonymous_19)","decl":{"start":{"line":140,"column":29},"end":{"line":140,"column":32}},"loc":{"start":{"line":140,"column":32},"end":{"line":153,"column":17}}},"20":{"name":"(anonymous_20)","decl":{"start":{"line":153,"column":25},"end":{"line":153,"column":30}},"loc":{"start":{"line":153,"column":30},"end":{"line":155,"column":17}}}},"branchMap":{"0":{"loc":{"start":{"line":18,"column":27},"end":{"line":18,"column":31}},"type":"cond-expr","locations":[{"start":{"line":18,"column":27},"end":{"line":18,"column":31}},{"start":{"line":18,"column":34},"end":{"line":18,"column":36}}]},"1":{"loc":{"start":{"line":22,"column":18},"end":{"line":22,"column":22}},"type":"binary-expr","locations":[{"start":{"line":22,"column":18},"end":{"line":22,"column":22}},{"start":{"line":22,"column":26},"end":{"line":22,"column":50}},{"start":{"line":22,"column":54},"end":{"line":22,"column":63}}]},"2":{"loc":{"start":{"line":27,"column":8},"end":{"line":33,"column":null}},"type":"if","locations":[{"start":{"line":27,"column":8},"end":{"line":33,"column":null}},{"start":{"line":27,"column":8},"end":{"line":33,"column":null}}]},"3":{"loc":{"start":{"line":28,"column":55},"end":{"line":28,"column":70}},"type":"cond-expr","locations":[{"start":{"line":28,"column":55},"end":{"line":28,"column":70}},{"start":{"line":28,"column":73},"end":{"line":28,"column":77}}]},"4":{"loc":{"start":{"line":29,"column":12},"end":{"line":31,"column":null}},"type":"if","locations":[{"start":{"line":29,"column":12},"end":{"line":31,"column":null}},{"start":{"line":29,"column":12},"end":{"line":31,"column":null}}]},"5":{"loc":{"start":{"line":39,"column":8},"end":{"line":41,"column":null}},"type":"if","locations":[{"start":{"line":39,"column":8},"end":{"line":41,"column":null}},{"start":{"line":39,"column":8},"end":{"line":41,"column":null}}]},"6":{"loc":{"start":{"line":39,"column":12},"end":{"line":39,"column":22}},"type":"binary-expr","locations":[{"start":{"line":39,"column":12},"end":{"line":39,"column":22}},{"start":{"line":39,"column":26},"end":{"line":39,"column":52}}]},"7":{"loc":{"start":{"line":46,"column":16},"end":{"line":49,"column":null}},"type":"if","locations":[{"start":{"line":46,"column":16},"end":{"line":49,"column":null}},{"start":{"line":46,"column":16},"end":{"line":49,"column":null}}]},"8":{"loc":{"start":{"line":58,"column":16},"end":{"line":60,"column":null}},"type":"if","locations":[{"start":{"line":58,"column":16},"end":{"line":60,"column":null}},{"start":{"line":58,"column":16},"end":{"line":60,"column":null}}]},"9":{"loc":{"start":{"line":63,"column":20},"end":{"line":69,"column":null}},"type":"if","locations":[{"start":{"line":63,"column":20},"end":{"line":69,"column":null}},{"start":{"line":63,"column":20},"end":{"line":69,"column":null}}]},"10":{"loc":{"start":{"line":82,"column":8},"end":{"line":84,"column":null}},"type":"if","locations":[{"start":{"line":82,"column":8},"end":{"line":84,"column":null}},{"start":{"line":82,"column":8},"end":{"line":84,"column":null}}]},"11":{"loc":{"start":{"line":82,"column":12},"end":{"line":82,"column":22}},"type":"binary-expr","locations":[{"start":{"line":82,"column":12},"end":{"line":82,"column":22}},{"start":{"line":82,"column":26},"end":{"line":82,"column":52}}]},"12":{"loc":{"start":{"line":89,"column":16},"end":{"line":92,"column":null}},"type":"if","locations":[{"start":{"line":89,"column":16},"end":{"line":92,"column":null}},{"start":{"line":89,"column":16},"end":{"line":92,"column":null}}]},"13":{"loc":{"start":{"line":101,"column":16},"end":{"line":103,"column":null}},"type":"if","locations":[{"start":{"line":101,"column":16},"end":{"line":103,"column":null}},{"start":{"line":101,"column":16},"end":{"line":103,"column":null}}]},"14":{"loc":{"start":{"line":119,"column":8},"end":{"line":121,"column":null}},"type":"if","locations":[{"start":{"line":119,"column":8},"end":{"line":121,"column":null}},{"start":{"line":119,"column":8},"end":{"line":121,"column":null}}]},"15":{"loc":{"start":{"line":119,"column":12},"end":{"line":119,"column":17}},"type":"binary-expr","locations":[{"start":{"line":119,"column":12},"end":{"line":119,"column":17}},{"start":{"line":119,"column":21},"end":{"line":119,"column":42}}]},"16":{"loc":{"start":{"line":123,"column":8},"end":{"line":125,"column":null}},"type":"if","locations":[{"start":{"line":123,"column":8},"end":{"line":125,"column":null}},{"start":{"line":123,"column":8},"end":{"line":125,"column":null}}]},"17":{"loc":{"start":{"line":127,"column":8},"end":{"line":129,"column":null}},"type":"if","locations":[{"start":{"line":127,"column":8},"end":{"line":129,"column":null}},{"start":{"line":127,"column":8},"end":{"line":129,"column":null}}]},"18":{"loc":{"start":{"line":127,"column":12},"end":{"line":127,"column":18}},"type":"binary-expr","locations":[{"start":{"line":127,"column":12},"end":{"line":127,"column":18}},{"start":{"line":127,"column":22},"end":{"line":127,"column":40}}]},"19":{"loc":{"start":{"line":132,"column":8},"end":{"line":134,"column":null}},"type":"if","locations":[{"start":{"line":132,"column":8},"end":{"line":134,"column":null}},{"start":{"line":132,"column":8},"end":{"line":134,"column":null}}]},"20":{"loc":{"start":{"line":143,"column":20},"end":{"line":152,"column":null}},"type":"if","locations":[{"start":{"line":143,"column":20},"end":{"line":152,"column":null}},{"start":{"line":143,"column":20},"end":{"line":152,"column":null}}]},"21":{"loc":{"start":{"line":148,"column":24},"end":{"line":151,"column":null}},"type":"if","locations":[{"start":{"line":148,"column":24},"end":{"line":151,"column":null}},{"start":{"line":148,"column":24},"end":{"line":151,"column":null}}]}},"s":{"0":1,"1":7,"2":7,"3":1,"4":11,"5":1,"6":12,"7":12,"8":11,"9":11,"10":3,"11":11,"12":1,"13":1,"14":2,"15":2,"16":2,"17":0,"18":2,"19":2,"20":2,"21":3,"22":0,"23":0,"24":3,"25":1,"26":1,"27":1,"28":3,"29":2,"30":3,"31":3,"32":2,"33":2,"34":1,"35":0,"36":2,"37":1,"38":1,"39":1,"40":1,"41":0,"42":1,"43":1,"44":1,"45":4,"46":1,"47":1,"48":3,"49":3,"50":3,"51":3,"52":3,"53":1,"54":3,"55":3,"56":3,"57":0,"58":1,"59":1,"60":3,"61":3,"62":3,"63":0,"64":3,"65":0,"66":3,"67":0,"68":3,"69":1,"70":3,"71":3,"72":3,"73":3,"74":5,"75":5,"76":5,"77":5,"78":3,"79":2,"80":2,"81":1,"82":1,"83":0,"84":3,"85":3,"86":3,"87":3,"88":4,"89":4,"90":1},"f":{"0":1,"1":7,"2":11,"3":12,"4":2,"5":2,"6":3,"7":1,"8":3,"9":0,"10":1,"11":1,"12":4,"13":3,"14":3,"15":0,"16":3,"17":3,"18":5,"19":5,"20":0},"b":{"0":[4,3],"1":[11,10,8],"2":[11,1],"3":[11,0],"4":[3,8],"5":[0,2],"6":[2,2],"7":[0,3],"8":[2,1],"9":[2,1],"10":[0,1],"11":[1,1],"12":[1,3],"13":[1,2],"14":[0,3],"15":[3,3],"16":[0,3],"17":[0,3],"18":[3,3],"19":[1,2],"20":[3,2],"21":[1,1]}}
}
