TN:
SF:src/pipeline.ts
FN:14,(anonymous_0)
FN:21,(anonymous_1)
FN:25,Layer
FN:30,(anonymous_3)
FN:41,(anonymous_4)
FN:46,SYPipeline
FN:50,(anonymous_6)
FN:58,(anonymous_7)
FN:74,(anonymous_8)
FN:80,(anonymous_9)
FNF:10
FNH:10
FNDA:22,(anonymous_0)
FNDA:1,(anonymous_1)
FNDA:11,Layer
FNDA:11,(anonymous_3)
FNDA:1,(anonymous_4)
FNDA:6,SYPipeline
FNDA:11,(anonymous_6)
FNDA:6,(anonymous_7)
FNDA:5,(anonymous_8)
FNDA:11,(anonymous_9)
DA:13,1
DA:14,1
DA:15,22
DA:17,0
DA:21,1
DA:26,11
DA:27,11
DA:30,1
DA:31,11
DA:32,11
DA:33,11
DA:36,0
DA:39,1
DA:41,1
DA:43,6
DA:44,6
DA:47,6
DA:50,1
DA:51,11
DA:52,0
DA:54,11
DA:55,11
DA:58,1
DA:59,6
DA:60,0
DA:61,0
DA:63,6
DA:64,0
DA:65,0
DA:68,6
DA:69,6
DA:71,6
DA:74,1
DA:75,5
DA:76,5
DA:77,5
DA:80,1
DA:81,11
DA:82,11
DA:83,11
DA:85,1
LF:41
LH:34
BRDA:15,0,0,0
BRDA:15,0,1,22
BRDA:47,1,0,6
BRDA:47,1,1,0
BRDA:51,2,0,0
BRDA:51,2,1,11
BRDA:59,3,0,0
BRDA:59,3,1,6
BRDA:63,4,0,0
BRDA:63,4,1,6
BRF:10
BRH:5
end_of_record
TN:
SF:src/queue.ts
FN:12,(anonymous_0)
FN:16,SYQueue
FN:21,(anonymous_2)
FN:25,(anonymous_3)
FN:37,(anonymous_4)
FN:42,(anonymous_5)
FN:45,(anonymous_6)
FN:51,(anonymous_7)
FN:62,(anonymous_8)
FN:70,(anonymous_9)
FN:80,(anonymous_10)
FN:85,(anonymous_11)
FN:88,(anonymous_12)
FN:94,(anonymous_13)
FN:105,(anonymous_14)
FN:108,(anonymous_15)
FN:117,(anonymous_16)
FN:136,(anonymous_17)
FN:139,(anonymous_18)
FN:140,(anonymous_19)
FN:153,(anonymous_20)
FNF:21
FNH:18
FNDA:1,(anonymous_0)
FNDA:7,SYQueue
FNDA:11,(anonymous_2)
FNDA:12,(anonymous_3)
FNDA:2,(anonymous_4)
FNDA:2,(anonymous_5)
FNDA:3,(anonymous_6)
FNDA:1,(anonymous_7)
FNDA:3,(anonymous_8)
FNDA:0,(anonymous_9)
FNDA:1,(anonymous_10)
FNDA:1,(anonymous_11)
FNDA:4,(anonymous_12)
FNDA:3,(anonymous_13)
FNDA:3,(anonymous_14)
FNDA:0,(anonymous_15)
FNDA:3,(anonymous_16)
FNDA:3,(anonymous_17)
FNDA:5,(anonymous_18)
FNDA:5,(anonymous_19)
FNDA:0,(anonymous_20)
DA:12,1
DA:13,7
DA:18,7
DA:21,1
DA:22,11
DA:25,1
DA:26,12
DA:27,12
DA:28,11
DA:29,11
DA:30,3
DA:32,11
DA:34,1
DA:37,2
DA:38,2
DA:39,2
DA:40,0
DA:42,2
DA:44,2
DA:45,2
DA:46,3
DA:47,0
DA:48,0
DA:51,3
DA:52,1
DA:53,1
DA:54,1
DA:58,3
DA:59,2
DA:62,3
DA:63,3
DA:64,2
DA:65,2
DA:68,1
DA:72,0
DA:76,2
DA:80,1
DA:81,1
DA:82,1
DA:83,0
DA:85,1
DA:87,1
DA:88,1
DA:89,4
DA:90,1
DA:91,1
DA:94,3
DA:95,3
DA:96,3
DA:97,3
DA:101,3
DA:102,1
DA:105,3
DA:106,3
DA:107,3
DA:109,0
DA:113,1
DA:117,3
DA:118,3
DA:119,3
DA:120,0
DA:123,3
DA:124,0
DA:127,3
DA:128,0
DA:132,3
DA:133,1
DA:136,3
DA:137,3
DA:138,3
DA:139,3
DA:140,5
DA:141,5
DA:142,5
DA:143,5
DA:144,3
DA:147,2
DA:148,2
DA:149,1
DA:150,1
DA:154,0
DA:158,3
DA:159,3
DA:160,3
DA:161,4
DA:162,4
DA:166,1
LF:87
LH:77
BRDA:18,0,0,4
BRDA:18,0,1,3
BRDA:22,1,0,11
BRDA:22,1,1,10
BRDA:22,1,2,8
BRDA:27,2,0,11
BRDA:27,2,1,1
BRDA:28,3,0,11
BRDA:28,3,1,0
BRDA:29,4,0,3
BRDA:29,4,1,8
BRDA:39,5,0,0
BRDA:39,5,1,2
BRDA:39,6,0,2
BRDA:39,6,1,2
BRDA:46,7,0,0
BRDA:46,7,1,3
BRDA:58,8,0,2
BRDA:58,8,1,1
BRDA:63,9,0,2
BRDA:63,9,1,1
BRDA:82,10,0,0
BRDA:82,10,1,1
BRDA:82,11,0,1
BRDA:82,11,1,1
BRDA:89,12,0,1
BRDA:89,12,1,3
BRDA:101,13,0,1
BRDA:101,13,1,2
BRDA:119,14,0,0
BRDA:119,14,1,3
BRDA:119,15,0,3
BRDA:119,15,1,3
BRDA:123,16,0,0
BRDA:123,16,1,3
BRDA:127,17,0,0
BRDA:127,17,1,3
BRDA:127,18,0,3
BRDA:127,18,1,3
BRDA:132,19,0,1
BRDA:132,19,1,2
BRDA:143,20,0,3
BRDA:143,20,1,2
BRDA:148,21,0,1
BRDA:148,21,1,1
BRF:45
BRH:38
end_of_record
